
Chosen redshift: 06.9746
Confirm chosen redshift is same for each model: True   True 

fields_D
type: <class 'numpy.ndarray'>
dim: 3
shape: (300, 300, 300)
size: 27000000 


Chosen z axis distance: 10 Mpc/h

x:
type: <class 'numpy.ndarray'>
dim: 1
shape: (300,)
size: 300 

xy_D:
type: <class 'numpy.ndarray'>
dim: 2
shape: (300, 300)
size: 90000 

xy_D min:  0.0  xy_D max:  45.314026
xy_F min:  0.0  xy_F max:  44.46155
xy_O min:  0.0  xy_O max:  73.21153
maximum: 73.21153
minimum: 0

output:  data_contourMap.pdf
