
The following have been reloaded with a version change:
  1) cpu/0.17.3b => cpu/0.15.4

convergenceTest1.py:232: RuntimeWarning: More than 20 figures have been opened. Figures created through the pyplot interface (`matplotlib.pyplot.figure`) are retained until explicitly closed and may consume too much memory. (To control this warning, see the rcParam `figure.max_open_warning`).
  fig,ax = plt.subplots(1,1)
convergenceTest1.py:19: VisibleDeprecationWarning: Creating an ndarray from ragged nested sequences (which is a list-or-tuple of lists-or-tuples-or ndarrays with different lengths or shapes) is deprecated. If you meant to do this, you must specify 'dtype=object' when creating the ndarray
  bob = np.array(bob)
MAKING /expanse/lustre/scratch/andrewcaruso/temp_project/modified_powers/plots_convergenceTest_PvsK
chosen redshifts: ['06.0299', '07.0445', '08.5256']
chosen redshifts: ['06.0299', '07.0445', '08.5256']
MAKING /expanse/lustre/scratch/andrewcaruso/temp_project/modified_powers/plots_convergenceTest_PvsK/democratic
MAKING /expanse/lustre/scratch/andrewcaruso/temp_project/modified_powers/plots_convergenceTest_PvsK/democratic/z=06.0299
MAKING /expanse/lustre/scratch/andrewcaruso/temp_project/modified_powers/plots_convergenceTest_PvsK/democratic/z=06.0299/cut_75
input dir: /expanse/lustre/scratch/andrewcaruso/temp_project/modified_powers/21cm_spectra_subVolumes/democratic/z=06.0299/cut_75
output dir: /expanse/lustre/scratch/andrewcaruso/temp_project/modified_powers/plots_convergenceTest_PvsK/democratic/z=06.0299/cut_75
output plot:  democraticPlot_cut75_z=06.0299.pdf
output plot:  democraticErrorPlot_cut75_z=06.0299.pdf
P_max
original type: <class 'list'>
type: <class 'numpy.ndarray'>
dim: 1
shape: (36,)
size: 36 

MAKING /expanse/lustre/scratch/andrewcaruso/temp_project/modified_powers/plots_convergenceTest_PvsK/democratic/z=06.0299/cut_150
input dir: /expanse/lustre/scratch/andrewcaruso/temp_project/modified_powers/21cm_spectra_subVolumes/democratic/z=06.0299/cut_150
output dir: /expanse/lustre/scratch/andrewcaruso/temp_project/modified_powers/plots_convergenceTest_PvsK/democratic/z=06.0299/cut_150
output plot:  democraticPlot_cut150_z=06.0299.pdf
output plot:  democraticErrorPlot_cut150_z=06.0299.pdf
P_max
original type: <class 'list'>
type: <class 'numpy.ndarray'>
dim: 1
shape: (74,)
size: 74 

MAKING /expanse/lustre/scratch/andrewcaruso/temp_project/modified_powers/plots_convergenceTest_PvsK/democratic/z=06.0299/cut_100
input dir: /expanse/lustre/scratch/andrewcaruso/temp_project/modified_powers/21cm_spectra_subVolumes/democratic/z=06.0299/cut_100
output dir: /expanse/lustre/scratch/andrewcaruso/temp_project/modified_powers/plots_convergenceTest_PvsK/democratic/z=06.0299/cut_100
output plot:  democraticPlot_cut100_z=06.0299.pdf
output plot:  democraticErrorPlot_cut100_z=06.0299.pdf
P_max
original type: <class 'list'>
type: <class 'numpy.ndarray'>
dim: 1
shape: (49,)
size: 49 

MAKING /expanse/lustre/scratch/andrewcaruso/temp_project/modified_powers/plots_convergenceTest_PvsK/democratic/z=07.0445
MAKING /expanse/lustre/scratch/andrewcaruso/temp_project/modified_powers/plots_convergenceTest_PvsK/democratic/z=07.0445/cut_75
input dir: /expanse/lustre/scratch/andrewcaruso/temp_project/modified_powers/21cm_spectra_subVolumes/democratic/z=07.0445/cut_75
output dir: /expanse/lustre/scratch/andrewcaruso/temp_project/modified_powers/plots_convergenceTest_PvsK/democratic/z=07.0445/cut_75
output plot:  democraticPlot_cut75_z=07.0445.pdf
output plot:  democraticErrorPlot_cut75_z=07.0445.pdf
P_max
original type: <class 'list'>
type: <class 'numpy.ndarray'>
dim: 1
shape: (36,)
size: 36 

MAKING /expanse/lustre/scratch/andrewcaruso/temp_project/modified_powers/plots_convergenceTest_PvsK/democratic/z=07.0445/cut_100
input dir: /expanse/lustre/scratch/andrewcaruso/temp_project/modified_powers/21cm_spectra_subVolumes/democratic/z=07.0445/cut_100
output dir: /expanse/lustre/scratch/andrewcaruso/temp_project/modified_powers/plots_convergenceTest_PvsK/democratic/z=07.0445/cut_100
output plot:  democraticPlot_cut100_z=07.0445.pdf
output plot:  democraticErrorPlot_cut100_z=07.0445.pdf
P_max
original type: <class 'list'>
type: <class 'numpy.ndarray'>
dim: 1
shape: (49,)
size: 49 

MAKING /expanse/lustre/scratch/andrewcaruso/temp_project/modified_powers/plots_convergenceTest_PvsK/democratic/z=07.0445/cut_150
input dir: /expanse/lustre/scratch/andrewcaruso/temp_project/modified_powers/21cm_spectra_subVolumes/democratic/z=07.0445/cut_150
output dir: /expanse/lustre/scratch/andrewcaruso/temp_project/modified_powers/plots_convergenceTest_PvsK/democratic/z=07.0445/cut_150
output plot:  democraticPlot_cut150_z=07.0445.pdf
output plot:  democraticErrorPlot_cut150_z=07.0445.pdf
P_max
original type: <class 'list'>
type: <class 'numpy.ndarray'>
dim: 1
shape: (74,)
size: 74 

MAKING /expanse/lustre/scratch/andrewcaruso/temp_project/modified_powers/plots_convergenceTest_PvsK/democratic/z=08.5256
MAKING /expanse/lustre/scratch/andrewcaruso/temp_project/modified_powers/plots_convergenceTest_PvsK/democratic/z=08.5256/cut_75
input dir: /expanse/lustre/scratch/andrewcaruso/temp_project/modified_powers/21cm_spectra_subVolumes/democratic/z=08.5256/cut_75
output dir: /expanse/lustre/scratch/andrewcaruso/temp_project/modified_powers/plots_convergenceTest_PvsK/democratic/z=08.5256/cut_75
output plot:  democraticPlot_cut75_z=08.5256.pdf
output plot:  democraticErrorPlot_cut75_z=08.5256.pdf
P_max
original type: <class 'list'>
type: <class 'numpy.ndarray'>
dim: 1
shape: (36,)
size: 36 

MAKING /expanse/lustre/scratch/andrewcaruso/temp_project/modified_powers/plots_convergenceTest_PvsK/democratic/z=08.5256/cut_100
input dir: /expanse/lustre/scratch/andrewcaruso/temp_project/modified_powers/21cm_spectra_subVolumes/democratic/z=08.5256/cut_100
output dir: /expanse/lustre/scratch/andrewcaruso/temp_project/modified_powers/plots_convergenceTest_PvsK/democratic/z=08.5256/cut_100
output plot:  democraticPlot_cut100_z=08.5256.pdf
output plot:  democraticErrorPlot_cut100_z=08.5256.pdf
P_max
original type: <class 'list'>
type: <class 'numpy.ndarray'>
dim: 1
shape: (49,)
size: 49 

MAKING /expanse/lustre/scratch/andrewcaruso/temp_project/modified_powers/plots_convergenceTest_PvsK/democratic/z=08.5256/cut_150
input dir: /expanse/lustre/scratch/andrewcaruso/temp_project/modified_powers/21cm_spectra_subVolumes/democratic/z=08.5256/cut_150
output dir: /expanse/lustre/scratch/andrewcaruso/temp_project/modified_powers/plots_convergenceTest_PvsK/democratic/z=08.5256/cut_150
output plot:  democraticPlot_cut150_z=08.5256.pdf
output plot:  democraticErrorPlot_cut150_z=08.5256.pdf
P_max
original type: <class 'list'>
type: <class 'numpy.ndarray'>
dim: 1
shape: (74,)
size: 74 

Average redshift computation time: 2.097153107325236  seconds
chosen redshifts: ['06.0299', '07.0445', '08.5256']
MAKING /expanse/lustre/scratch/andrewcaruso/temp_project/modified_powers/plots_convergenceTest_PvsK/fiducial
MAKING /expanse/lustre/scratch/andrewcaruso/temp_project/modified_powers/plots_convergenceTest_PvsK/fiducial/z=06.0299
MAKING /expanse/lustre/scratch/andrewcaruso/temp_project/modified_powers/plots_convergenceTest_PvsK/fiducial/z=06.0299/cut_75
input dir: /expanse/lustre/scratch/andrewcaruso/temp_project/modified_powers/21cm_spectra_subVolumes/fiducial/z=06.0299/cut_75
output dir: /expanse/lustre/scratch/andrewcaruso/temp_project/modified_powers/plots_convergenceTest_PvsK/fiducial/z=06.0299/cut_75
output plot:  fiducialPlot_cut75_z=06.0299.pdf
output plot:  fiducialErrorPlot_cut75_z=06.0299.pdf
P_max
original type: <class 'list'>
type: <class 'numpy.ndarray'>
dim: 1
shape: (36,)
size: 36 

MAKING /expanse/lustre/scratch/andrewcaruso/temp_project/modified_powers/plots_convergenceTest_PvsK/fiducial/z=06.0299/cut_150
input dir: /expanse/lustre/scratch/andrewcaruso/temp_project/modified_powers/21cm_spectra_subVolumes/fiducial/z=06.0299/cut_150
output dir: /expanse/lustre/scratch/andrewcaruso/temp_project/modified_powers/plots_convergenceTest_PvsK/fiducial/z=06.0299/cut_150
output plot:  fiducialPlot_cut150_z=06.0299.pdf
output plot:  fiducialErrorPlot_cut150_z=06.0299.pdf
P_max
original type: <class 'list'>
type: <class 'numpy.ndarray'>
dim: 1
shape: (74,)
size: 74 

MAKING /expanse/lustre/scratch/andrewcaruso/temp_project/modified_powers/plots_convergenceTest_PvsK/fiducial/z=06.0299/cut_100
input dir: /expanse/lustre/scratch/andrewcaruso/temp_project/modified_powers/21cm_spectra_subVolumes/fiducial/z=06.0299/cut_100
output dir: /expanse/lustre/scratch/andrewcaruso/temp_project/modified_powers/plots_convergenceTest_PvsK/fiducial/z=06.0299/cut_100
output plot:  fiducialPlot_cut100_z=06.0299.pdf
output plot:  fiducialErrorPlot_cut100_z=06.0299.pdf
P_max
original type: <class 'list'>
type: <class 'numpy.ndarray'>
dim: 1
shape: (49,)
size: 49 

MAKING /expanse/lustre/scratch/andrewcaruso/temp_project/modified_powers/plots_convergenceTest_PvsK/fiducial/z=07.0445
MAKING /expanse/lustre/scratch/andrewcaruso/temp_project/modified_powers/plots_convergenceTest_PvsK/fiducial/z=07.0445/cut_75
input dir: /expanse/lustre/scratch/andrewcaruso/temp_project/modified_powers/21cm_spectra_subVolumes/fiducial/z=07.0445/cut_75
output dir: /expanse/lustre/scratch/andrewcaruso/temp_project/modified_powers/plots_convergenceTest_PvsK/fiducial/z=07.0445/cut_75
output plot:  fiducialPlot_cut75_z=07.0445.pdf
output plot:  fiducialErrorPlot_cut75_z=07.0445.pdf
P_max
original type: <class 'list'>
type: <class 'numpy.ndarray'>
dim: 1
shape: (36,)
size: 36 

MAKING /expanse/lustre/scratch/andrewcaruso/temp_project/modified_powers/plots_convergenceTest_PvsK/fiducial/z=07.0445/cut_100
input dir: /expanse/lustre/scratch/andrewcaruso/temp_project/modified_powers/21cm_spectra_subVolumes/fiducial/z=07.0445/cut_100
output dir: /expanse/lustre/scratch/andrewcaruso/temp_project/modified_powers/plots_convergenceTest_PvsK/fiducial/z=07.0445/cut_100
output plot:  fiducialPlot_cut100_z=07.0445.pdf
output plot:  fiducialErrorPlot_cut100_z=07.0445.pdf
P_max
original type: <class 'list'>
type: <class 'numpy.ndarray'>
dim: 1
shape: (49,)
size: 49 

MAKING /expanse/lustre/scratch/andrewcaruso/temp_project/modified_powers/plots_convergenceTest_PvsK/fiducial/z=07.0445/cut_150
input dir: /expanse/lustre/scratch/andrewcaruso/temp_project/modified_powers/21cm_spectra_subVolumes/fiducial/z=07.0445/cut_150
output dir: /expanse/lustre/scratch/andrewcaruso/temp_project/modified_powers/plots_convergenceTest_PvsK/fiducial/z=07.0445/cut_150
output plot:  fiducialPlot_cut150_z=07.0445.pdf
output plot:  fiducialErrorPlot_cut150_z=07.0445.pdf
P_max
original type: <class 'list'>
type: <class 'numpy.ndarray'>
dim: 1
shape: (74,)
size: 74 

MAKING /expanse/lustre/scratch/andrewcaruso/temp_project/modified_powers/plots_convergenceTest_PvsK/fiducial/z=08.5256
MAKING /expanse/lustre/scratch/andrewcaruso/temp_project/modified_powers/plots_convergenceTest_PvsK/fiducial/z=08.5256/cut_150
input dir: /expanse/lustre/scratch/andrewcaruso/temp_project/modified_powers/21cm_spectra_subVolumes/fiducial/z=08.5256/cut_150
output dir: /expanse/lustre/scratch/andrewcaruso/temp_project/modified_powers/plots_convergenceTest_PvsK/fiducial/z=08.5256/cut_150
output plot:  fiducialPlot_cut150_z=08.5256.pdf
output plot:  fiducialErrorPlot_cut150_z=08.5256.pdf
P_max
original type: <class 'list'>
type: <class 'numpy.ndarray'>
dim: 1
shape: (74,)
size: 74 

MAKING /expanse/lustre/scratch/andrewcaruso/temp_project/modified_powers/plots_convergenceTest_PvsK/fiducial/z=08.5256/cut_75
input dir: /expanse/lustre/scratch/andrewcaruso/temp_project/modified_powers/21cm_spectra_subVolumes/fiducial/z=08.5256/cut_75
output dir: /expanse/lustre/scratch/andrewcaruso/temp_project/modified_powers/plots_convergenceTest_PvsK/fiducial/z=08.5256/cut_75
output plot:  fiducialPlot_cut75_z=08.5256.pdf
output plot:  fiducialErrorPlot_cut75_z=08.5256.pdf
P_max
original type: <class 'list'>
type: <class 'numpy.ndarray'>
dim: 1
shape: (36,)
size: 36 

MAKING /expanse/lustre/scratch/andrewcaruso/temp_project/modified_powers/plots_convergenceTest_PvsK/fiducial/z=08.5256/cut_100
input dir: /expanse/lustre/scratch/andrewcaruso/temp_project/modified_powers/21cm_spectra_subVolumes/fiducial/z=08.5256/cut_100
output dir: /expanse/lustre/scratch/andrewcaruso/temp_project/modified_powers/plots_convergenceTest_PvsK/fiducial/z=08.5256/cut_100
output plot:  fiducialPlot_cut100_z=08.5256.pdf
output plot:  fiducialErrorPlot_cut100_z=08.5256.pdf
P_max
original type: <class 'list'>
type: <class 'numpy.ndarray'>
dim: 1
shape: (49,)
size: 49 

Average redshift computation time: 2.148414929707845  seconds
chosen redshifts: ['06.0299', '07.0445', '08.5256']
MAKING /expanse/lustre/scratch/andrewcaruso/temp_project/modified_powers/plots_convergenceTest_PvsK/oligarchic
MAKING /expanse/lustre/scratch/andrewcaruso/temp_project/modified_powers/plots_convergenceTest_PvsK/oligarchic/z=06.0299
MAKING /expanse/lustre/scratch/andrewcaruso/temp_project/modified_powers/plots_convergenceTest_PvsK/oligarchic/z=06.0299/cut_100
input dir: /expanse/lustre/scratch/andrewcaruso/temp_project/modified_powers/21cm_spectra_subVolumes/oligarchic/z=06.0299/cut_100
output dir: /expanse/lustre/scratch/andrewcaruso/temp_project/modified_powers/plots_convergenceTest_PvsK/oligarchic/z=06.0299/cut_100
output plot:  oligarchicPlot_cut100_z=06.0299.pdf
output plot:  oligarchicErrorPlot_cut100_z=06.0299.pdf
P_max
original type: <class 'list'>
type: <class 'numpy.ndarray'>
dim: 1
shape: (49,)
size: 49 

MAKING /expanse/lustre/scratch/andrewcaruso/temp_project/modified_powers/plots_convergenceTest_PvsK/oligarchic/z=06.0299/cut_75
input dir: /expanse/lustre/scratch/andrewcaruso/temp_project/modified_powers/21cm_spectra_subVolumes/oligarchic/z=06.0299/cut_75
output dir: /expanse/lustre/scratch/andrewcaruso/temp_project/modified_powers/plots_convergenceTest_PvsK/oligarchic/z=06.0299/cut_75
output plot:  oligarchicPlot_cut75_z=06.0299.pdf
output plot:  oligarchicErrorPlot_cut75_z=06.0299.pdf
P_max
original type: <class 'list'>
type: <class 'numpy.ndarray'>
dim: 1
shape: (36,)
size: 36 

MAKING /expanse/lustre/scratch/andrewcaruso/temp_project/modified_powers/plots_convergenceTest_PvsK/oligarchic/z=06.0299/cut_150
input dir: /expanse/lustre/scratch/andrewcaruso/temp_project/modified_powers/21cm_spectra_subVolumes/oligarchic/z=06.0299/cut_150
output dir: /expanse/lustre/scratch/andrewcaruso/temp_project/modified_powers/plots_convergenceTest_PvsK/oligarchic/z=06.0299/cut_150
output plot:  oligarchicPlot_cut150_z=06.0299.pdf
output plot:  oligarchicErrorPlot_cut150_z=06.0299.pdf
P_max
original type: <class 'list'>
type: <class 'numpy.ndarray'>
dim: 1
shape: (74,)
size: 74 

MAKING /expanse/lustre/scratch/andrewcaruso/temp_project/modified_powers/plots_convergenceTest_PvsK/oligarchic/z=07.0445
MAKING /expanse/lustre/scratch/andrewcaruso/temp_project/modified_powers/plots_convergenceTest_PvsK/oligarchic/z=07.0445/cut_100
input dir: /expanse/lustre/scratch/andrewcaruso/temp_project/modified_powers/21cm_spectra_subVolumes/oligarchic/z=07.0445/cut_100
output dir: /expanse/lustre/scratch/andrewcaruso/temp_project/modified_powers/plots_convergenceTest_PvsK/oligarchic/z=07.0445/cut_100
output plot:  oligarchicPlot_cut100_z=07.0445.pdf
output plot:  oligarchicErrorPlot_cut100_z=07.0445.pdf
P_max
original type: <class 'list'>
type: <class 'numpy.ndarray'>
dim: 1
shape: (49,)
size: 49 

MAKING /expanse/lustre/scratch/andrewcaruso/temp_project/modified_powers/plots_convergenceTest_PvsK/oligarchic/z=07.0445/cut_150
input dir: /expanse/lustre/scratch/andrewcaruso/temp_project/modified_powers/21cm_spectra_subVolumes/oligarchic/z=07.0445/cut_150
output dir: /expanse/lustre/scratch/andrewcaruso/temp_project/modified_powers/plots_convergenceTest_PvsK/oligarchic/z=07.0445/cut_150
output plot:  oligarchicPlot_cut150_z=07.0445.pdf
output plot:  oligarchicErrorPlot_cut150_z=07.0445.pdf
P_max
original type: <class 'list'>
type: <class 'numpy.ndarray'>
dim: 1
shape: (74,)
size: 74 

MAKING /expanse/lustre/scratch/andrewcaruso/temp_project/modified_powers/plots_convergenceTest_PvsK/oligarchic/z=07.0445/cut_75
input dir: /expanse/lustre/scratch/andrewcaruso/temp_project/modified_powers/21cm_spectra_subVolumes/oligarchic/z=07.0445/cut_75
output dir: /expanse/lustre/scratch/andrewcaruso/temp_project/modified_powers/plots_convergenceTest_PvsK/oligarchic/z=07.0445/cut_75
output plot:  oligarchicPlot_cut75_z=07.0445.pdf
output plot:  oligarchicErrorPlot_cut75_z=07.0445.pdf
P_max
original type: <class 'list'>
type: <class 'numpy.ndarray'>
dim: 1
shape: (36,)
size: 36 

MAKING /expanse/lustre/scratch/andrewcaruso/temp_project/modified_powers/plots_convergenceTest_PvsK/oligarchic/z=08.5256
MAKING /expanse/lustre/scratch/andrewcaruso/temp_project/modified_powers/plots_convergenceTest_PvsK/oligarchic/z=08.5256/cut_150
input dir: /expanse/lustre/scratch/andrewcaruso/temp_project/modified_powers/21cm_spectra_subVolumes/oligarchic/z=08.5256/cut_150
output dir: /expanse/lustre/scratch/andrewcaruso/temp_project/modified_powers/plots_convergenceTest_PvsK/oligarchic/z=08.5256/cut_150
output plot:  oligarchicPlot_cut150_z=08.5256.pdf
output plot:  oligarchicErrorPlot_cut150_z=08.5256.pdf
P_max
original type: <class 'list'>
type: <class 'numpy.ndarray'>
dim: 1
shape: (74,)
size: 74 

MAKING /expanse/lustre/scratch/andrewcaruso/temp_project/modified_powers/plots_convergenceTest_PvsK/oligarchic/z=08.5256/cut_100
input dir: /expanse/lustre/scratch/andrewcaruso/temp_project/modified_powers/21cm_spectra_subVolumes/oligarchic/z=08.5256/cut_100
output dir: /expanse/lustre/scratch/andrewcaruso/temp_project/modified_powers/plots_convergenceTest_PvsK/oligarchic/z=08.5256/cut_100
output plot:  oligarchicPlot_cut100_z=08.5256.pdf
output plot:  oligarchicErrorPlot_cut100_z=08.5256.pdf
P_max
original type: <class 'list'>
type: <class 'numpy.ndarray'>
dim: 1
shape: (49,)
size: 49 

MAKING /expanse/lustre/scratch/andrewcaruso/temp_project/modified_powers/plots_convergenceTest_PvsK/oligarchic/z=08.5256/cut_75
input dir: /expanse/lustre/scratch/andrewcaruso/temp_project/modified_powers/21cm_spectra_subVolumes/oligarchic/z=08.5256/cut_75
output dir: /expanse/lustre/scratch/andrewcaruso/temp_project/modified_powers/plots_convergenceTest_PvsK/oligarchic/z=08.5256/cut_75
output plot:  oligarchicPlot_cut75_z=08.5256.pdf
output plot:  oligarchicErrorPlot_cut75_z=08.5256.pdf
P_max
original type: <class 'list'>
type: <class 'numpy.ndarray'>
dim: 1
shape: (36,)
size: 36 

Average redshift computation time: 2.0371371110280356  seconds
master_modelName
original type: <class 'list'>
type: <class 'numpy.ndarray'>
dim: 1
shape: (27,)
size: 27 

master_cutStr
original type: <class 'list'>
type: <class 'numpy.ndarray'>
dim: 1
shape: (27,)
size: 27 

master_zStr
original type: <class 'list'>
type: <class 'numpy.ndarray'>
dim: 1
shape: (27,)
size: 27 

master_Pmax
original type: <class 'list'>
type: <class 'numpy.ndarray'>
dim: 1
shape: (27,)
size: 27 

master_kList
original type: <class 'list'>
type: <class 'numpy.ndarray'>
dim: 1
shape: (27,)
size: 27 




democratic   06.0299
n,i,j:  1 0 0 

democratic   07.0445
n,i,j:  5 0 1 

democratic   08.5256
n,i,j:  8 0 2 

fiducial   06.0299
n,i,j:  10 1 0 

fiducial   07.0445
n,i,j:  14 1 1 

fiducial   08.5256
n,i,j:  15 1 2 

oligarchic   06.0299
n,i,j:  20 2 0 

oligarchic   07.0445
n,i,j:  22 2 1 

oligarchic   08.5256
n,i,j:  24 2 2 

output plot:  masterErrorPlot_cut150.pdf
output plot:  masterPlot_cut150.pdf
democratic   06.0299
n,i,j:  2 0 0 

democratic   07.0445
n,i,j:  4 0 1 

democratic   08.5256
n,i,j:  7 0 2 

fiducial   06.0299
n,i,j:  11 1 0 

fiducial   07.0445
n,i,j:  13 1 1 

fiducial   08.5256
n,i,j:  17 1 2 

oligarchic   06.0299
n,i,j:  18 2 0 

oligarchic   07.0445
n,i,j:  21 2 1 

oligarchic   08.5256
n,i,j:  25 2 2 

output plot:  masterErrorPlot_cut100.pdf
output plot:  masterPlot_cut100.pdf
democratic   06.0299
n,i,j:  0 0 0 

democratic   07.0445
n,i,j:  3 0 1 

democratic   08.5256
n,i,j:  6 0 2 

fiducial   06.0299
n,i,j:  9 1 0 

fiducial   07.0445
n,i,j:  12 1 1 

fiducial   08.5256
n,i,j:  16 1 2 

oligarchic   06.0299
n,i,j:  19 2 0 

oligarchic   07.0445
n,i,j:  23 2 1 

oligarchic   08.5256
n,i,j:  26 2 2 

output plot:  masterErrorPlot_cut75.pdf
output plot:  masterPlot_cut75.pdf
Program Complete

 
 
