
The following have been reloaded with a version change:
  1) cpu/0.17.3b => cpu/0.15.4

convergenceTest3.py:257: RuntimeWarning: More than 20 figures have been opened. Figures created through the pyplot interface (`matplotlib.pyplot.figure`) are retained until explicitly closed and may consume too much memory. (To control this warning, see the rcParam `figure.max_open_warning`).
  fig,ax = plt.subplots(1,1) #for P vs z plot
MAKING /expanse/lustre/scratch/andrewcaruso/temp_project/OLD_final_powers/dualPlots_convergenceTest_PvsZ
z_string1: ['08.7473', '07.3402', '06.6465', '07.7506', '06.3501', '10.0859', '09.3630', '08.2154', '06.9746', '10.9497', '06.0808']
z_string2: ['08.2154', '06.9746', '07.3402', '09.3630', '07.7506', '10.9497', '10.0859', '06.0808', '06.3501', '08.7473', '06.6465']
models:  ['oligarchic']   ['oligarchic']
MAKING /expanse/lustre/scratch/andrewcaruso/temp_project/OLD_final_powers/dualPlots_convergenceTest_PvsZ/oligarchic
chosen wavenumbers: [0.1, 0.2, 0.3]
MAKING /expanse/lustre/scratch/andrewcaruso/temp_project/OLD_final_powers/dualPlots_convergenceTest_PvsZ/oligarchic/cut_125
MAKING /expanse/lustre/scratch/andrewcaruso/temp_project/OLD_final_powers/dualPlots_convergenceTest_PvsZ/oligarchic/cut_125/k=0.1
Matching z_all 1 vs 2: True
output plot:  plot_cut125_k=0.1.pdf
output plot:  error_plot_cut125_k=0.1.pdf
MAKING /expanse/lustre/scratch/andrewcaruso/temp_project/OLD_final_powers/dualPlots_convergenceTest_PvsZ/oligarchic/cut_125/k=0.2
Matching z_all 1 vs 2: True
output plot:  plot_cut125_k=0.2.pdf
output plot:  error_plot_cut125_k=0.2.pdf
MAKING /expanse/lustre/scratch/andrewcaruso/temp_project/OLD_final_powers/dualPlots_convergenceTest_PvsZ/oligarchic/cut_125/k=0.3
Matching z_all 1 vs 2: True
output plot:  plot_cut125_k=0.3.pdf
output plot:  error_plot_cut125_k=0.3.pdf
chosen wavenumbers: [0.1, 0.2, 0.3]
MAKING /expanse/lustre/scratch/andrewcaruso/temp_project/OLD_final_powers/dualPlots_convergenceTest_PvsZ/oligarchic/cut_250
MAKING /expanse/lustre/scratch/andrewcaruso/temp_project/OLD_final_powers/dualPlots_convergenceTest_PvsZ/oligarchic/cut_250/k=0.1
Matching z_all 1 vs 2: True
output plot:  plot_cut250_k=0.1.pdf
output plot:  error_plot_cut250_k=0.1.pdf
MAKING /expanse/lustre/scratch/andrewcaruso/temp_project/OLD_final_powers/dualPlots_convergenceTest_PvsZ/oligarchic/cut_250/k=0.2
Matching z_all 1 vs 2: True
output plot:  plot_cut250_k=0.2.pdf
output plot:  error_plot_cut250_k=0.2.pdf
MAKING /expanse/lustre/scratch/andrewcaruso/temp_project/OLD_final_powers/dualPlots_convergenceTest_PvsZ/oligarchic/cut_250/k=0.3
Matching z_all 1 vs 2: True
output plot:  plot_cut250_k=0.3.pdf
output plot:  error_plot_cut250_k=0.3.pdf
chosen wavenumbers: [0.1, 0.2, 0.3]
MAKING /expanse/lustre/scratch/andrewcaruso/temp_project/OLD_final_powers/dualPlots_convergenceTest_PvsZ/oligarchic/cut_500
MAKING /expanse/lustre/scratch/andrewcaruso/temp_project/OLD_final_powers/dualPlots_convergenceTest_PvsZ/oligarchic/cut_500/k=0.1
Matching z_all 1 vs 2: True
output plot:  plot_cut500_k=0.1.pdf
output plot:  error_plot_cut500_k=0.1.pdf
MAKING /expanse/lustre/scratch/andrewcaruso/temp_project/OLD_final_powers/dualPlots_convergenceTest_PvsZ/oligarchic/cut_500/k=0.2
Matching z_all 1 vs 2: True
output plot:  plot_cut500_k=0.2.pdf
output plot:  error_plot_cut500_k=0.2.pdf
MAKING /expanse/lustre/scratch/andrewcaruso/temp_project/OLD_final_powers/dualPlots_convergenceTest_PvsZ/oligarchic/cut_500/k=0.3
Matching z_all 1 vs 2: True
output plot:  plot_cut500_k=0.3.pdf
output plot:  error_plot_cut500_k=0.3.pdf
Average wavenumber computation time: 0.3599541982014974  seconds
z_string1: ['09.3630', '07.3402', '06.0808', '05.4009', '08.7473', '10.9497', '06.6465', '05.6090', '07.7506', '05.8348', '06.9746', '06.3501', '10.0859', '08.2154']
z_string2: ['05.0000', '07.3402', '05.4009', '07.7506', '08.2154', '06.0808', '10.9497', '06.9746', '05.8348', '06.3501', '05.6090', '10.0859', '08.7473', '06.6465', '09.3630']
models:  ['extreme']   ['extreme']
MAKING /expanse/lustre/scratch/andrewcaruso/temp_project/OLD_final_powers/dualPlots_convergenceTest_PvsZ/extreme
chosen wavenumbers: [0.1, 0.2, 0.3]
MAKING /expanse/lustre/scratch/andrewcaruso/temp_project/OLD_final_powers/dualPlots_convergenceTest_PvsZ/extreme/cut_125
MAKING /expanse/lustre/scratch/andrewcaruso/temp_project/OLD_final_powers/dualPlots_convergenceTest_PvsZ/extreme/cut_125/k=0.1
Matching z_all 1 vs 2: True
output plot:  plot_cut125_k=0.1.pdf
output plot:  error_plot_cut125_k=0.1.pdf
MAKING /expanse/lustre/scratch/andrewcaruso/temp_project/OLD_final_powers/dualPlots_convergenceTest_PvsZ/extreme/cut_125/k=0.2
Matching z_all 1 vs 2: True
output plot:  plot_cut125_k=0.2.pdf
output plot:  error_plot_cut125_k=0.2.pdf
MAKING /expanse/lustre/scratch/andrewcaruso/temp_project/OLD_final_powers/dualPlots_convergenceTest_PvsZ/extreme/cut_125/k=0.3
Matching z_all 1 vs 2: True
output plot:  plot_cut125_k=0.3.pdf
output plot:  error_plot_cut125_k=0.3.pdf
chosen wavenumbers: [0.1, 0.2, 0.3]
MAKING /expanse/lustre/scratch/andrewcaruso/temp_project/OLD_final_powers/dualPlots_convergenceTest_PvsZ/extreme/cut_250
MAKING /expanse/lustre/scratch/andrewcaruso/temp_project/OLD_final_powers/dualPlots_convergenceTest_PvsZ/extreme/cut_250/k=0.1
Matching z_all 1 vs 2: True
output plot:  plot_cut250_k=0.1.pdf
output plot:  error_plot_cut250_k=0.1.pdf
MAKING /expanse/lustre/scratch/andrewcaruso/temp_project/OLD_final_powers/dualPlots_convergenceTest_PvsZ/extreme/cut_250/k=0.2
Matching z_all 1 vs 2: True
output plot:  plot_cut250_k=0.2.pdf
output plot:  error_plot_cut250_k=0.2.pdf
MAKING /expanse/lustre/scratch/andrewcaruso/temp_project/OLD_final_powers/dualPlots_convergenceTest_PvsZ/extreme/cut_250/k=0.3
Matching z_all 1 vs 2: True
output plot:  plot_cut250_k=0.3.pdf
output plot:  error_plot_cut250_k=0.3.pdf
chosen wavenumbers: [0.1, 0.2, 0.3]
MAKING /expanse/lustre/scratch/andrewcaruso/temp_project/OLD_final_powers/dualPlots_convergenceTest_PvsZ/extreme/cut_500
MAKING /expanse/lustre/scratch/andrewcaruso/temp_project/OLD_final_powers/dualPlots_convergenceTest_PvsZ/extreme/cut_500/k=0.1
Matching z_all 1 vs 2: True
output plot:  plot_cut500_k=0.1.pdf
output plot:  error_plot_cut500_k=0.1.pdf
MAKING /expanse/lustre/scratch/andrewcaruso/temp_project/OLD_final_powers/dualPlots_convergenceTest_PvsZ/extreme/cut_500/k=0.2
Matching z_all 1 vs 2: True
output plot:  plot_cut500_k=0.2.pdf
output plot:  error_plot_cut500_k=0.2.pdf
MAKING /expanse/lustre/scratch/andrewcaruso/temp_project/OLD_final_powers/dualPlots_convergenceTest_PvsZ/extreme/cut_500/k=0.3
Matching z_all 1 vs 2: True
output plot:  plot_cut500_k=0.3.pdf
output plot:  error_plot_cut500_k=0.3.pdf
Average wavenumber computation time: 0.46085317929585773  seconds

 
 
