
The following have been reloaded with a version change:
  1) cpu/0.17.3b => cpu/0.15.4

convergenceTest1.py:205: RuntimeWarning: More than 20 figures have been opened. Figures created through the pyplot interface (`matplotlib.pyplot.figure`) are retained until explicitly closed and may consume too much memory. (To control this warning, see the rcParam `figure.max_open_warning`).
  fig,ax = plt.subplots(1,1)
/expanse/lustre/scratch/andrewcaruso/temp_project/final_powers/plots_convergenceTest_PvsK EXISTS
wanted_z: [6.6, 6.9]
chosen_z: ['06.6465', '06.9746']
chosen redshifts: ['06.6465', '06.9746']
model: ['oligarchic']
MAKING /expanse/lustre/scratch/andrewcaruso/temp_project/final_powers/plots_convergenceTest_PvsK/oligarchic
MAKING /expanse/lustre/scratch/andrewcaruso/temp_project/final_powers/plots_convergenceTest_PvsK/oligarchic/z=06.6465
MAKING /expanse/lustre/scratch/andrewcaruso/temp_project/final_powers/plots_convergenceTest_PvsK/oligarchic/z=06.6465/cut_125
input dir: /expanse/lustre/scratch/andrewcaruso/temp_project/final_powers/21cm_spectra_subVolumes/oligarchic/z=06.6465/cut_125
output dir: /expanse/lustre/scratch/andrewcaruso/temp_project/final_powers/plots_convergenceTest_PvsK/oligarchic/z=06.6465/cut_125
output plot:  plot_cut125_z=06.6465.pdf
output plot:  error_plot_cut125_z=06.6465.pdf
MAKING /expanse/lustre/scratch/andrewcaruso/temp_project/final_powers/plots_convergenceTest_PvsK/oligarchic/z=06.6465/cut_250
input dir: /expanse/lustre/scratch/andrewcaruso/temp_project/final_powers/21cm_spectra_subVolumes/oligarchic/z=06.6465/cut_250
output dir: /expanse/lustre/scratch/andrewcaruso/temp_project/final_powers/plots_convergenceTest_PvsK/oligarchic/z=06.6465/cut_250
output plot:  plot_cut250_z=06.6465.pdf
output plot:  error_plot_cut250_z=06.6465.pdf
MAKING /expanse/lustre/scratch/andrewcaruso/temp_project/final_powers/plots_convergenceTest_PvsK/oligarchic/z=06.6465/cut_500
input dir: /expanse/lustre/scratch/andrewcaruso/temp_project/final_powers/21cm_spectra_subVolumes/oligarchic/z=06.6465/cut_500
output dir: /expanse/lustre/scratch/andrewcaruso/temp_project/final_powers/plots_convergenceTest_PvsK/oligarchic/z=06.6465/cut_500
output plot:  plot_cut500_z=06.6465.pdf
output plot:  error_plot_cut500_z=06.6465.pdf
MAKING /expanse/lustre/scratch/andrewcaruso/temp_project/final_powers/plots_convergenceTest_PvsK/oligarchic/z=06.9746
MAKING /expanse/lustre/scratch/andrewcaruso/temp_project/final_powers/plots_convergenceTest_PvsK/oligarchic/z=06.9746/cut_125
input dir: /expanse/lustre/scratch/andrewcaruso/temp_project/final_powers/21cm_spectra_subVolumes/oligarchic/z=06.9746/cut_125
output dir: /expanse/lustre/scratch/andrewcaruso/temp_project/final_powers/plots_convergenceTest_PvsK/oligarchic/z=06.9746/cut_125
output plot:  plot_cut125_z=06.9746.pdf
output plot:  error_plot_cut125_z=06.9746.pdf
MAKING /expanse/lustre/scratch/andrewcaruso/temp_project/final_powers/plots_convergenceTest_PvsK/oligarchic/z=06.9746/cut_250
input dir: /expanse/lustre/scratch/andrewcaruso/temp_project/final_powers/21cm_spectra_subVolumes/oligarchic/z=06.9746/cut_250
output dir: /expanse/lustre/scratch/andrewcaruso/temp_project/final_powers/plots_convergenceTest_PvsK/oligarchic/z=06.9746/cut_250
output plot:  plot_cut250_z=06.9746.pdf
output plot:  error_plot_cut250_z=06.9746.pdf
MAKING /expanse/lustre/scratch/andrewcaruso/temp_project/final_powers/plots_convergenceTest_PvsK/oligarchic/z=06.9746/cut_500
input dir: /expanse/lustre/scratch/andrewcaruso/temp_project/final_powers/21cm_spectra_subVolumes/oligarchic/z=06.9746/cut_500
output dir: /expanse/lustre/scratch/andrewcaruso/temp_project/final_powers/plots_convergenceTest_PvsK/oligarchic/z=06.9746/cut_500
output plot:  plot_cut500_z=06.9746.pdf
output plot:  error_plot_cut500_z=06.9746.pdf
Average redshift computation time: 7.643537163734436  seconds
chosen redshifts: ['06.6465', '06.9746']
model: ['extreme']
MAKING /expanse/lustre/scratch/andrewcaruso/temp_project/final_powers/plots_convergenceTest_PvsK/extreme
MAKING /expanse/lustre/scratch/andrewcaruso/temp_project/final_powers/plots_convergenceTest_PvsK/extreme/z=06.6465
MAKING /expanse/lustre/scratch/andrewcaruso/temp_project/final_powers/plots_convergenceTest_PvsK/extreme/z=06.6465/cut_250
input dir: /expanse/lustre/scratch/andrewcaruso/temp_project/final_powers/21cm_spectra_subVolumes/extreme/z=06.6465/cut_250
output dir: /expanse/lustre/scratch/andrewcaruso/temp_project/final_powers/plots_convergenceTest_PvsK/extreme/z=06.6465/cut_250
output plot:  plot_cut250_z=06.6465.pdf
output plot:  error_plot_cut250_z=06.6465.pdf
MAKING /expanse/lustre/scratch/andrewcaruso/temp_project/final_powers/plots_convergenceTest_PvsK/extreme/z=06.6465/cut_125
input dir: /expanse/lustre/scratch/andrewcaruso/temp_project/final_powers/21cm_spectra_subVolumes/extreme/z=06.6465/cut_125
output dir: /expanse/lustre/scratch/andrewcaruso/temp_project/final_powers/plots_convergenceTest_PvsK/extreme/z=06.6465/cut_125
output plot:  plot_cut125_z=06.6465.pdf
output plot:  error_plot_cut125_z=06.6465.pdf
MAKING /expanse/lustre/scratch/andrewcaruso/temp_project/final_powers/plots_convergenceTest_PvsK/extreme/z=06.6465/cut_500
input dir: /expanse/lustre/scratch/andrewcaruso/temp_project/final_powers/21cm_spectra_subVolumes/extreme/z=06.6465/cut_500
output dir: /expanse/lustre/scratch/andrewcaruso/temp_project/final_powers/plots_convergenceTest_PvsK/extreme/z=06.6465/cut_500
output plot:  plot_cut500_z=06.6465.pdf
output plot:  error_plot_cut500_z=06.6465.pdf
MAKING /expanse/lustre/scratch/andrewcaruso/temp_project/final_powers/plots_convergenceTest_PvsK/extreme/z=06.9746
MAKING /expanse/lustre/scratch/andrewcaruso/temp_project/final_powers/plots_convergenceTest_PvsK/extreme/z=06.9746/cut_125
input dir: /expanse/lustre/scratch/andrewcaruso/temp_project/final_powers/21cm_spectra_subVolumes/extreme/z=06.9746/cut_125
output dir: /expanse/lustre/scratch/andrewcaruso/temp_project/final_powers/plots_convergenceTest_PvsK/extreme/z=06.9746/cut_125
output plot:  plot_cut125_z=06.9746.pdf
output plot:  error_plot_cut125_z=06.9746.pdf
MAKING /expanse/lustre/scratch/andrewcaruso/temp_project/final_powers/plots_convergenceTest_PvsK/extreme/z=06.9746/cut_250
input dir: /expanse/lustre/scratch/andrewcaruso/temp_project/final_powers/21cm_spectra_subVolumes/extreme/z=06.9746/cut_250
output dir: /expanse/lustre/scratch/andrewcaruso/temp_project/final_powers/plots_convergenceTest_PvsK/extreme/z=06.9746/cut_250
output plot:  plot_cut250_z=06.9746.pdf
output plot:  error_plot_cut250_z=06.9746.pdf
MAKING /expanse/lustre/scratch/andrewcaruso/temp_project/final_powers/plots_convergenceTest_PvsK/extreme/z=06.9746/cut_500
input dir: /expanse/lustre/scratch/andrewcaruso/temp_project/final_powers/21cm_spectra_subVolumes/extreme/z=06.9746/cut_500
output dir: /expanse/lustre/scratch/andrewcaruso/temp_project/final_powers/plots_convergenceTest_PvsK/extreme/z=06.9746/cut_500
output plot:  plot_cut500_z=06.9746.pdf
output plot:  error_plot_cut500_z=06.9746.pdf
Average redshift computation time: 5.459107041358948  seconds

 
 
