
The following have been reloaded with a version change:
  1) cpu/0.17.3b => cpu/0.15.4

z_arr_str [list(['09.3630', '06.0808', '10.9497', '08.2154', '07.7506', '06.9746', '06.3501', '10.0859', '08.7473', '06.6465', '07.3402'])
 list(['09.3630', '07.3402', '05.0000', '06.6465', '05.8348', '08.2154', '08.7473', '06.9746', '06.3501', '05.6090', '10.0859', '07.7506', '10.9497', '06.0808', '05.4009'])]
record data type: <class 'numpy.ndarray'>
<class 'numpy.ndarray'>
MAKING /expanse/lustre/scratch/andrewcaruso/temp_project/final_powers/plots_densityVSfield_test/
wanted z: 7
z_density: 6.9746
model: oligarchic
MAKING /expanse/lustre/scratch/andrewcaruso/temp_project/final_powers/plots_densityVSfield_test/oligarchic/
z_arr_str data type: <class 'list'>
z_arr_str data type: <class 'numpy.ndarray'>
<class 'numpy.ndarray'>
MAKING /expanse/lustre/scratch/andrewcaruso/temp_project/final_powers/plots_densityVSfield_test/oligarchic/z=7/
file path: /expanse/lustre/scratch/ccain002/temp_project/for_andrew/1GPCh_fields/density_outputs/field.014.1024
Chosen z axis distance: 10 Mpc/h

output:  contourMap_oligarchic.pdf 

model: extreme
MAKING /expanse/lustre/scratch/andrewcaruso/temp_project/final_powers/plots_densityVSfield_test/extreme/
z_arr_str data type: <class 'list'>
z_arr_str data type: <class 'numpy.ndarray'>
<class 'numpy.ndarray'>
MAKING /expanse/lustre/scratch/andrewcaruso/temp_project/final_powers/plots_densityVSfield_test/extreme/z=7/
file path: /expanse/lustre/scratch/ccain002/temp_project/for_andrew/1GPCh_fields/density_outputs/field.014.1024
Chosen z axis distance: 10 Mpc/h

output:  contourMap_extreme.pdf 


TASK COMPLETED

