convergence_test.py:185: RuntimeWarning: More than 20 figures have been opened. Figures created through the pyplot interface (`matplotlib.pyplot.figure`) are retained until explicitly closed and may consume too much memory. (To control this warning, see the rcParam `figure.max_open_warning`).
  fig,ax = plt.subplots(1,1)
/expanse/lustre/scratch/andrewcaruso/temp_project/modified_powers/plots_convergence_test EXISTS
chosen redshifts: ['06.0299', '07.0445', '08.5256']
/expanse/lustre/scratch/andrewcaruso/temp_project/modified_powers/plots_convergence_test/democratic EXISTS
/expanse/lustre/scratch/andrewcaruso/temp_project/modified_powers/plots_convergence_test/democratic/z=06.0299 EXISTS
/expanse/lustre/scratch/andrewcaruso/temp_project/modified_powers/plots_convergence_test/democratic/z=06.0299/cut_75 EXISTS
input dir: /expanse/lustre/scratch/andrewcaruso/temp_project/modified_powers/21cm_spectra_subVolumes/democratic/z=06.0299/cut_75
output dir: /expanse/lustre/scratch/andrewcaruso/temp_project/modified_powers/plots_convergence_test/democratic/z=06.0299/cut_75
output plot:  plot_cut75_z=06.0299.pdf
/expanse/lustre/scratch/andrewcaruso/temp_project/modified_powers/plots_convergence_test/democratic/z=06.0299/cut_150 EXISTS
input dir: /expanse/lustre/scratch/andrewcaruso/temp_project/modified_powers/21cm_spectra_subVolumes/democratic/z=06.0299/cut_150
output dir: /expanse/lustre/scratch/andrewcaruso/temp_project/modified_powers/plots_convergence_test/democratic/z=06.0299/cut_150
output plot:  plot_cut150_z=06.0299.pdf
/expanse/lustre/scratch/andrewcaruso/temp_project/modified_powers/plots_convergence_test/democratic/z=06.0299/cut_100 EXISTS
input dir: /expanse/lustre/scratch/andrewcaruso/temp_project/modified_powers/21cm_spectra_subVolumes/democratic/z=06.0299/cut_100
output dir: /expanse/lustre/scratch/andrewcaruso/temp_project/modified_powers/plots_convergence_test/democratic/z=06.0299/cut_100
output plot:  plot_cut100_z=06.0299.pdf
/expanse/lustre/scratch/andrewcaruso/temp_project/modified_powers/plots_convergence_test/democratic/z=07.0445 EXISTS
/expanse/lustre/scratch/andrewcaruso/temp_project/modified_powers/plots_convergence_test/democratic/z=07.0445/cut_75 EXISTS
input dir: /expanse/lustre/scratch/andrewcaruso/temp_project/modified_powers/21cm_spectra_subVolumes/democratic/z=07.0445/cut_75
output dir: /expanse/lustre/scratch/andrewcaruso/temp_project/modified_powers/plots_convergence_test/democratic/z=07.0445/cut_75
output plot:  plot_cut75_z=07.0445.pdf
/expanse/lustre/scratch/andrewcaruso/temp_project/modified_powers/plots_convergence_test/democratic/z=07.0445/cut_100 EXISTS
input dir: /expanse/lustre/scratch/andrewcaruso/temp_project/modified_powers/21cm_spectra_subVolumes/democratic/z=07.0445/cut_100
output dir: /expanse/lustre/scratch/andrewcaruso/temp_project/modified_powers/plots_convergence_test/democratic/z=07.0445/cut_100
output plot:  plot_cut100_z=07.0445.pdf
/expanse/lustre/scratch/andrewcaruso/temp_project/modified_powers/plots_convergence_test/democratic/z=07.0445/cut_150 EXISTS
input dir: /expanse/lustre/scratch/andrewcaruso/temp_project/modified_powers/21cm_spectra_subVolumes/democratic/z=07.0445/cut_150
output dir: /expanse/lustre/scratch/andrewcaruso/temp_project/modified_powers/plots_convergence_test/democratic/z=07.0445/cut_150
output plot:  plot_cut150_z=07.0445.pdf
/expanse/lustre/scratch/andrewcaruso/temp_project/modified_powers/plots_convergence_test/democratic/z=08.5256 EXISTS
/expanse/lustre/scratch/andrewcaruso/temp_project/modified_powers/plots_convergence_test/democratic/z=08.5256/cut_100 EXISTS
input dir: /expanse/lustre/scratch/andrewcaruso/temp_project/modified_powers/21cm_spectra_subVolumes/democratic/z=08.5256/cut_100
output dir: /expanse/lustre/scratch/andrewcaruso/temp_project/modified_powers/plots_convergence_test/democratic/z=08.5256/cut_100
output plot:  plot_cut100_z=08.5256.pdf
/expanse/lustre/scratch/andrewcaruso/temp_project/modified_powers/plots_convergence_test/democratic/z=08.5256/cut_150 EXISTS
input dir: /expanse/lustre/scratch/andrewcaruso/temp_project/modified_powers/21cm_spectra_subVolumes/democratic/z=08.5256/cut_150
output dir: /expanse/lustre/scratch/andrewcaruso/temp_project/modified_powers/plots_convergence_test/democratic/z=08.5256/cut_150
output plot:  plot_cut150_z=08.5256.pdf
/expanse/lustre/scratch/andrewcaruso/temp_project/modified_powers/plots_convergence_test/democratic/z=08.5256/cut_75 EXISTS
input dir: /expanse/lustre/scratch/andrewcaruso/temp_project/modified_powers/21cm_spectra_subVolumes/democratic/z=08.5256/cut_75
output dir: /expanse/lustre/scratch/andrewcaruso/temp_project/modified_powers/plots_convergence_test/democratic/z=08.5256/cut_75
output plot:  plot_cut75_z=08.5256.pdf
Average redshift computation time: 3.1328440507253013  seconds
/expanse/lustre/scratch/andrewcaruso/temp_project/modified_powers/plots_convergence_test/fiducial EXISTS
/expanse/lustre/scratch/andrewcaruso/temp_project/modified_powers/plots_convergence_test/fiducial/z=06.0299 EXISTS
/expanse/lustre/scratch/andrewcaruso/temp_project/modified_powers/plots_convergence_test/fiducial/z=06.0299/cut_100 EXISTS
input dir: /expanse/lustre/scratch/andrewcaruso/temp_project/modified_powers/21cm_spectra_subVolumes/fiducial/z=06.0299/cut_100
output dir: /expanse/lustre/scratch/andrewcaruso/temp_project/modified_powers/plots_convergence_test/fiducial/z=06.0299/cut_100
output plot:  plot_cut100_z=06.0299.pdf
/expanse/lustre/scratch/andrewcaruso/temp_project/modified_powers/plots_convergence_test/fiducial/z=06.0299/cut_150 EXISTS
input dir: /expanse/lustre/scratch/andrewcaruso/temp_project/modified_powers/21cm_spectra_subVolumes/fiducial/z=06.0299/cut_150
output dir: /expanse/lustre/scratch/andrewcaruso/temp_project/modified_powers/plots_convergence_test/fiducial/z=06.0299/cut_150
output plot:  plot_cut150_z=06.0299.pdf
/expanse/lustre/scratch/andrewcaruso/temp_project/modified_powers/plots_convergence_test/fiducial/z=06.0299/cut_75 EXISTS
input dir: /expanse/lustre/scratch/andrewcaruso/temp_project/modified_powers/21cm_spectra_subVolumes/fiducial/z=06.0299/cut_75
output dir: /expanse/lustre/scratch/andrewcaruso/temp_project/modified_powers/plots_convergence_test/fiducial/z=06.0299/cut_75
output plot:  plot_cut75_z=06.0299.pdf
/expanse/lustre/scratch/andrewcaruso/temp_project/modified_powers/plots_convergence_test/fiducial/z=07.0445 EXISTS
/expanse/lustre/scratch/andrewcaruso/temp_project/modified_powers/plots_convergence_test/fiducial/z=07.0445/cut_75 EXISTS
input dir: /expanse/lustre/scratch/andrewcaruso/temp_project/modified_powers/21cm_spectra_subVolumes/fiducial/z=07.0445/cut_75
output dir: /expanse/lustre/scratch/andrewcaruso/temp_project/modified_powers/plots_convergence_test/fiducial/z=07.0445/cut_75
output plot:  plot_cut75_z=07.0445.pdf
/expanse/lustre/scratch/andrewcaruso/temp_project/modified_powers/plots_convergence_test/fiducial/z=07.0445/cut_100 EXISTS
input dir: /expanse/lustre/scratch/andrewcaruso/temp_project/modified_powers/21cm_spectra_subVolumes/fiducial/z=07.0445/cut_100
output dir: /expanse/lustre/scratch/andrewcaruso/temp_project/modified_powers/plots_convergence_test/fiducial/z=07.0445/cut_100
output plot:  plot_cut100_z=07.0445.pdf
/expanse/lustre/scratch/andrewcaruso/temp_project/modified_powers/plots_convergence_test/fiducial/z=07.0445/cut_150 EXISTS
input dir: /expanse/lustre/scratch/andrewcaruso/temp_project/modified_powers/21cm_spectra_subVolumes/fiducial/z=07.0445/cut_150
output dir: /expanse/lustre/scratch/andrewcaruso/temp_project/modified_powers/plots_convergence_test/fiducial/z=07.0445/cut_150
output plot:  plot_cut150_z=07.0445.pdf
/expanse/lustre/scratch/andrewcaruso/temp_project/modified_powers/plots_convergence_test/fiducial/z=08.5256 EXISTS
/expanse/lustre/scratch/andrewcaruso/temp_project/modified_powers/plots_convergence_test/fiducial/z=08.5256/cut_75 EXISTS
input dir: /expanse/lustre/scratch/andrewcaruso/temp_project/modified_powers/21cm_spectra_subVolumes/fiducial/z=08.5256/cut_75
output dir: /expanse/lustre/scratch/andrewcaruso/temp_project/modified_powers/plots_convergence_test/fiducial/z=08.5256/cut_75
output plot:  plot_cut75_z=08.5256.pdf
/expanse/lustre/scratch/andrewcaruso/temp_project/modified_powers/plots_convergence_test/fiducial/z=08.5256/cut_100 EXISTS
input dir: /expanse/lustre/scratch/andrewcaruso/temp_project/modified_powers/21cm_spectra_subVolumes/fiducial/z=08.5256/cut_100
output dir: /expanse/lustre/scratch/andrewcaruso/temp_project/modified_powers/plots_convergence_test/fiducial/z=08.5256/cut_100
output plot:  plot_cut100_z=08.5256.pdf
/expanse/lustre/scratch/andrewcaruso/temp_project/modified_powers/plots_convergence_test/fiducial/z=08.5256/cut_150 EXISTS
input dir: /expanse/lustre/scratch/andrewcaruso/temp_project/modified_powers/21cm_spectra_subVolumes/fiducial/z=08.5256/cut_150
output dir: /expanse/lustre/scratch/andrewcaruso/temp_project/modified_powers/plots_convergence_test/fiducial/z=08.5256/cut_150
output plot:  plot_cut150_z=08.5256.pdf
Average redshift computation time: 3.041011412938436  seconds
/expanse/lustre/scratch/andrewcaruso/temp_project/modified_powers/plots_convergence_test/oligarchic EXISTS
/expanse/lustre/scratch/andrewcaruso/temp_project/modified_powers/plots_convergence_test/oligarchic/z=06.0299 EXISTS
/expanse/lustre/scratch/andrewcaruso/temp_project/modified_powers/plots_convergence_test/oligarchic/z=06.0299/cut_75 EXISTS
input dir: /expanse/lustre/scratch/andrewcaruso/temp_project/modified_powers/21cm_spectra_subVolumes/oligarchic/z=06.0299/cut_75
output dir: /expanse/lustre/scratch/andrewcaruso/temp_project/modified_powers/plots_convergence_test/oligarchic/z=06.0299/cut_75
output plot:  plot_cut75_z=06.0299.pdf
/expanse/lustre/scratch/andrewcaruso/temp_project/modified_powers/plots_convergence_test/oligarchic/z=06.0299/cut_150 EXISTS
input dir: /expanse/lustre/scratch/andrewcaruso/temp_project/modified_powers/21cm_spectra_subVolumes/oligarchic/z=06.0299/cut_150
output dir: /expanse/lustre/scratch/andrewcaruso/temp_project/modified_powers/plots_convergence_test/oligarchic/z=06.0299/cut_150
output plot:  plot_cut150_z=06.0299.pdf
/expanse/lustre/scratch/andrewcaruso/temp_project/modified_powers/plots_convergence_test/oligarchic/z=06.0299/cut_100 EXISTS
input dir: /expanse/lustre/scratch/andrewcaruso/temp_project/modified_powers/21cm_spectra_subVolumes/oligarchic/z=06.0299/cut_100
output dir: /expanse/lustre/scratch/andrewcaruso/temp_project/modified_powers/plots_convergence_test/oligarchic/z=06.0299/cut_100
output plot:  plot_cut100_z=06.0299.pdf
/expanse/lustre/scratch/andrewcaruso/temp_project/modified_powers/plots_convergence_test/oligarchic/z=07.0445 EXISTS
/expanse/lustre/scratch/andrewcaruso/temp_project/modified_powers/plots_convergence_test/oligarchic/z=07.0445/cut_75 EXISTS
input dir: /expanse/lustre/scratch/andrewcaruso/temp_project/modified_powers/21cm_spectra_subVolumes/oligarchic/z=07.0445/cut_75
output dir: /expanse/lustre/scratch/andrewcaruso/temp_project/modified_powers/plots_convergence_test/oligarchic/z=07.0445/cut_75
output plot:  plot_cut75_z=07.0445.pdf
/expanse/lustre/scratch/andrewcaruso/temp_project/modified_powers/plots_convergence_test/oligarchic/z=07.0445/cut_150 EXISTS
input dir: /expanse/lustre/scratch/andrewcaruso/temp_project/modified_powers/21cm_spectra_subVolumes/oligarchic/z=07.0445/cut_150
output dir: /expanse/lustre/scratch/andrewcaruso/temp_project/modified_powers/plots_convergence_test/oligarchic/z=07.0445/cut_150
output plot:  plot_cut150_z=07.0445.pdf
/expanse/lustre/scratch/andrewcaruso/temp_project/modified_powers/plots_convergence_test/oligarchic/z=07.0445/cut_100 EXISTS
input dir: /expanse/lustre/scratch/andrewcaruso/temp_project/modified_powers/21cm_spectra_subVolumes/oligarchic/z=07.0445/cut_100
output dir: /expanse/lustre/scratch/andrewcaruso/temp_project/modified_powers/plots_convergence_test/oligarchic/z=07.0445/cut_100
output plot:  plot_cut100_z=07.0445.pdf
/expanse/lustre/scratch/andrewcaruso/temp_project/modified_powers/plots_convergence_test/oligarchic/z=08.5256 EXISTS
/expanse/lustre/scratch/andrewcaruso/temp_project/modified_powers/plots_convergence_test/oligarchic/z=08.5256/cut_150 EXISTS
input dir: /expanse/lustre/scratch/andrewcaruso/temp_project/modified_powers/21cm_spectra_subVolumes/oligarchic/z=08.5256/cut_150
output dir: /expanse/lustre/scratch/andrewcaruso/temp_project/modified_powers/plots_convergence_test/oligarchic/z=08.5256/cut_150
output plot:  plot_cut150_z=08.5256.pdf
/expanse/lustre/scratch/andrewcaruso/temp_project/modified_powers/plots_convergence_test/oligarchic/z=08.5256/cut_75 EXISTS
input dir: /expanse/lustre/scratch/andrewcaruso/temp_project/modified_powers/21cm_spectra_subVolumes/oligarchic/z=08.5256/cut_75
output dir: /expanse/lustre/scratch/andrewcaruso/temp_project/modified_powers/plots_convergence_test/oligarchic/z=08.5256/cut_75
output plot:  plot_cut75_z=08.5256.pdf
/expanse/lustre/scratch/andrewcaruso/temp_project/modified_powers/plots_convergence_test/oligarchic/z=08.5256/cut_100 EXISTS
input dir: /expanse/lustre/scratch/andrewcaruso/temp_project/modified_powers/21cm_spectra_subVolumes/oligarchic/z=08.5256/cut_100
output dir: /expanse/lustre/scratch/andrewcaruso/temp_project/modified_powers/plots_convergence_test/oligarchic/z=08.5256/cut_100
output plot:  plot_cut100_z=08.5256.pdf
Average redshift computation time: 3.0677148501078286  seconds

 
 
